[LOG] SystemI::init                            : FMOD Studio Version: 00010815 (82192)
[LOG] SystemI::init                            : maxchannels = 1024, flags = 00030000, extradriverdata = 0000000000000000
[LOG] SystemI::close                           : 
[LOG] SystemI::close                           : Stop all sounds
[LOG] SystemI::close                           : done.

[LOG] OutputWASAPI::init                       : Mix Format (WAVEFORMATEX): wFormatTag=0xFFFE, nChannels=2, nSamplesPerSec=48000, nAvgBytesPerSec=384000, nBlockAlign=8, wBitsPerSample=32, cbSize=22.
[LOG] OutputWASAPI::init                       : Mix Format (WAVEFORMATEXTENSIBLE): wValidBitsPerSample=32, dwChannelMask=0x00000003, SubFormat=00000003-0000-0010-8000-00AA00389B71.
[LOG] OutputWASAPI::init                       : Output buffer size: 4096 samples, latency: 10.67ms, period: 10.00ms, DSP buffer: 1024 * 4
[LOG] Thread::initThread                       : Initializing FMOD mixer thread.  priority 3
[LOG] Thread::initThread                       : - Stacksize 49152.  Stack pointer 0000000000000000 : usesemaphore = 0 : sleeptime = 0
[LOG] Thread::callback                         : * FMOD mixer thread started
[LOG] SystemI::init                            : Set up emulated output
[LOG] SystemI::init                            : create the channel pool
[LOG] Thread::initThread                       : Initializing FMOD stream thread.  priority 2
[LOG] Thread::initThread                       : - Stacksize 65536.  Stack pointer 0000000000000000 : usesemaphore = 0 : sleeptime = 10
[LOG] Thread::callback                         : * FMOD stream thread started
[LOG] Thread::initThread                       : Initializing FMOD Studio update thread.  priority 0
[LOG] Thread::initThread                       : - Stacksize 65536.  Stack pointer 0000000000000000 : usesemaphore = 0 : sleeptime = 1
[LOG] Thread::callback                         : * FMOD Studio update thread started
[LOG] Thread::initThread                       : Initializing FMOD Studio sample load thread.  priority 0
[LOG] Thread::initThread                       : - Stacksize 65536.  Stack pointer 0000000000000000 : usesemaphore = 0 : sleeptime = 1
[LOG] Thread::callback                         : * FMOD Studio sample load thread started
[LOG] LiveUpdate::init                         : 
[LOG] Thread::initThread                       : Initializing FMOD Studio bank load thread.  priority 0
[LOG] Thread::initThread                       : - Stacksize 65536.  Stack pointer 0000000000000000 : usesemaphore = 0 : sleeptime = 1
[LOG] Thread::callback                         : * FMOD Studio bank load thread started
[LOG] Profile::init                            : Profiler listening on port: 9264
[LOG] Manager::readBank                        : fileversion = 80, compatVersion = 70 (oldest = 44, newest = 80)
[LOG] Manager::readBank                        : fileversion = 80, compatVersion = 70 (oldest = 44, newest = 80)
[WRN] ObjectLookup::get                        : Lookup failed for BusWithInputs: {6a5c5c0b-4bf4-47cc-9319-64846f24b110}
[WRN] ObjectLookup::get                        : Lookup failed for BusWithInputs: {6a5c5c0b-4bf4-47cc-9319-64846f24b110}
[WRN] ObjectLookup::get                        : Lookup failed for BusWithInputs: {6a5c5c0b-4bf4-47cc-9319-64846f24b110}
[WRN] ObjectLookup::get                        : Lookup failed for BusWithInputs: {6a5c5c0b-4bf4-47cc-9319-64846f24b110}
[WRN] ObjectLookup::get                        : Lookup failed for BusWithInputs: {6a5c5c0b-4bf4-47cc-9319-64846f24b110}
[LOG] Manager::readBank                        : fileversion = 80, compatVersion = 70 (oldest = 44, newest = 80)
[WRN] ObjectLookup::get                        : Lookup failed for BusWithInputs: {6a5c5c0b-4bf4-47cc-9319-64846f24b110}
[WRN] ObjectLookup::get                        : Lookup failed for BusWithInputs: {6a5c5c0b-4bf4-47cc-9319-64846f24b110}
[WRN] ObjectLookup::get                        : Lookup failed for BusWithInputs: {6a5c5c0b-4bf4-47cc-9319-64846f24b110}
[WRN] ObjectLookup::get                        : Lookup failed for BusWithInputs: {6a5c5c0b-4bf4-47cc-9319-64846f24b110}
[WRN] ObjectLookup::get                        : Lookup failed for BusWithInputs: {6a5c5c0b-4bf4-47cc-9319-64846f24b110}
[WRN] ObjectLookup::get                        : Lookup failed for BusWithInputs: {6a5c5c0b-4bf4-47cc-9319-64846f24b110}
[WRN] ObjectLookup::get                        : Lookup failed for BusWithInputs: {6a5c5c0b-4bf4-47cc-9319-64846f24b110}
[WRN] ObjectLookup::get                        : Lookup failed for BusWithInputs: {6a5c5c0b-4bf4-47cc-9319-64846f24b110}
[WRN] ObjectLookup::get                        : Lookup failed for BusWithInputs: {6a5c5c0b-4bf4-47cc-9319-64846f24b110}
[WRN] ObjectLookup::get                        : Lookup failed for BusWithInputs: {6a5c5c0b-4bf4-47cc-9319-64846f24b110}
[WRN] ObjectLookup::get                        : Lookup failed for BusWithInputs: {6a5c5c0b-4bf4-47cc-9319-64846f24b110}
[LOG] Manager::readBank                        : fileversion = 80, compatVersion = 70 (oldest = 44, newest = 80)
[WRN] ObjectLookup::get                        : Lookup failed for BusWithInputs: {6a5c5c0b-4bf4-47cc-9319-64846f24b110}
[WRN] ObjectLookup::get                        : Lookup failed for BusWithInputs: {6a5c5c0b-4bf4-47cc-9319-64846f24b110}
[WRN] ObjectLookup::get                        : Lookup failed for BusWithInputs: {6a5c5c0b-4bf4-47cc-9319-64846f24b110}
[WRN] ObjectLookup::get                        : Lookup failed for BusWithInputs: {6a5c5c0b-4bf4-47cc-9319-64846f24b110}
[WRN] ObjectLookup::get                        : Lookup failed for BusWithInputs: {6a5c5c0b-4bf4-47cc-9319-64846f24b110}
[WRN] ObjectLookup::get                        : Lookup failed for BusWithInputs: {6a5c5c0b-4bf4-47cc-9319-64846f24b110}
[WRN] ObjectLookup::get                        : Lookup failed for BusWithInputs: {6a5c5c0b-4bf4-47cc-9319-64846f24b110}
[WRN] ObjectLookup::get                        : Lookup failed for BusWithInputs: {6a5c5c0b-4bf4-47cc-9319-64846f24b110}
[WRN] ObjectLookup::get                        : Lookup failed for BusWithInputs: {6a5c5c0b-4bf4-47cc-9319-64846f24b110}
[WRN] ObjectLookup::get                        : Lookup failed for BusWithInputs: {6a5c5c0b-4bf4-47cc-9319-64846f24b110}
[WRN] ObjectLookup::get                        : Lookup failed for BusWithInputs: {6a5c5c0b-4bf4-47cc-9319-64846f24b110}
[WRN] ObjectLookup::get                        : Lookup failed for BusWithInputs: {6a5c5c0b-4bf4-47cc-9319-64846f24b110}
[WRN] ObjectLookup::get                        : Lookup failed for BusWithInputs: {6a5c5c0b-4bf4-47cc-9319-64846f24b110}
[WRN] ObjectLookup::get                        : Lookup failed for BusWithInputs: {6a5c5c0b-4bf4-47cc-9319-64846f24b110}
[WRN] ObjectLookup::get                        : Lookup failed for BusWithInputs: {6a5c5c0b-4bf4-47cc-9319-64846f24b110}
[WRN] ObjectLookup::get                        : Lookup failed for BusWithInputs: {6a5c5c0b-4bf4-47cc-9319-64846f24b110}
[WRN] ObjectLookup::get                        : Lookup failed for BusWithInputs: {6a5c5c0b-4bf4-47cc-9319-64846f24b110}
[LOG] Manager::readBank                        : fileversion = 80, compatVersion = 70 (oldest = 44, newest = 80)
[WRN] ObjectLookup::get                        : Lookup failed for BusWithInputs: {6a5c5c0b-4bf4-47cc-9319-64846f24b110}
[WRN] ObjectLookup::get                        : Lookup failed for BusWithInputs: {6a5c5c0b-4bf4-47cc-9319-64846f24b110}
[WRN] ObjectLookup::get                        : Lookup failed for BusWithInputs: {6a5c5c0b-4bf4-47cc-9319-64846f24b110}
[WRN] ObjectLookup::get                        : Lookup failed for BusWithInputs: {6a5c5c0b-4bf4-47cc-9319-64846f24b110}
[WRN] ObjectLookup::get                        : Lookup failed for BusWithInputs: {6a5c5c0b-4bf4-47cc-9319-64846f24b110}
[WRN] ObjectLookup::get                        : Lookup failed for BusWithInputs: {6a5c5c0b-4bf4-47cc-9319-64846f24b110}
[WRN] ObjectLookup::get                        : Lookup failed for BusWithInputs: {6a5c5c0b-4bf4-47cc-9319-64846f24b110}
[WRN] ObjectLookup::get                        : Lookup failed for BusWithInputs: {6a5c5c0b-4bf4-47cc-9319-64846f24b110}
[WRN] ObjectLookup::get                        : Lookup failed for BusWithInputs: {6a5c5c0b-4bf4-47cc-9319-64846f24b110}
[WRN] ObjectLookup::get                        : Lookup failed for BusWithInputs: {6a5c5c0b-4bf4-47cc-9319-64846f24b110}
[WRN] ObjectLookup::get                        : Lookup failed for BusWithInputs: {6a5c5c0b-4bf4-47cc-9319-64846f24b110}
[WRN] ObjectLookup::get                        : Lookup failed for BusWithInputs: {6a5c5c0b-4bf4-47cc-9319-64846f24b110}
[WRN] ObjectLookup::get                        : Lookup failed for BusWithInputs: {6a5c5c0b-4bf4-47cc-9319-64846f24b110}
[WRN] ObjectLookup::get                        : Lookup failed for BusWithInputs: {6a5c5c0b-4bf4-47cc-9319-64846f24b110}
[WRN] ObjectLookup::get                        : Lookup failed for BusWithInputs: {6a5c5c0b-4bf4-47cc-9319-64846f24b110}
[WRN] ObjectLookup::get                        : Lookup failed for BusWithInputs: {6a5c5c0b-4bf4-47cc-9319-64846f24b110}
[WRN] ObjectLookup::get                        : Lookup failed for BusWithInputs: {6a5c5c0b-4bf4-47cc-9319-64846f24b110}
[WRN] ObjectLookup::get                        : Lookup failed for BusWithInputs: {6a5c5c0b-4bf4-47cc-9319-64846f24b110}
[LOG] Manager::readBank                        : fileversion = 80, compatVersion = 70 (oldest = 44, newest = 80)
[WRN] ObjectLookup::get                        : Lookup failed for BusWithInputs: {6a5c5c0b-4bf4-47cc-9319-64846f24b110}
[WRN] ObjectLookup::get                        : Lookup failed for BusWithInputs: {6a5c5c0b-4bf4-47cc-9319-64846f24b110}
[WRN] ObjectLookup::get                        : Lookup failed for BusWithInputs: {6a5c5c0b-4bf4-47cc-9319-64846f24b110}
[WRN] ObjectLookup::get                        : Lookup failed for BusWithInputs: {6a5c5c0b-4bf4-47cc-9319-64846f24b110}
[WRN] ObjectLookup::get                        : Lookup failed for BusWithInputs: {6a5c5c0b-4bf4-47cc-9319-64846f24b110}
[WRN] ObjectLookup::get                        : Lookup failed for BusWithInputs: {6a5c5c0b-4bf4-47cc-9319-64846f24b110}
[WRN] ObjectLookup::get                        : Lookup failed for BusWithInputs: {6a5c5c0b-4bf4-47cc-9319-64846f24b110}
[WRN] ObjectLookup::get                        : Lookup failed for BusWithInputs: {6a5c5c0b-4bf4-47cc-9319-64846f24b110}
[WRN] ObjectLookup::get                        : Lookup failed for BusWithInputs: {6a5c5c0b-4bf4-47cc-9319-64846f24b110}
[WRN] ObjectLookup::get                        : Lookup failed for BusWithInputs: {6a5c5c0b-4bf4-47cc-9319-64846f24b110}
[WRN] ObjectLookup::get                        : Lookup failed for BusWithInputs: {6a5c5c0b-4bf4-47cc-9319-64846f24b110}
[WRN] ObjectLookup::get                        : Lookup failed for BusWithInputs: {6a5c5c0b-4bf4-47cc-9319-64846f24b110}
[WRN] ObjectLookup::get                        : Lookup failed for BusWithInputs: {6a5c5c0b-4bf4-47cc-9319-64846f24b110}
[WRN] ObjectLookup::get                        : Lookup failed for BusWithInputs: {6a5c5c0b-4bf4-47cc-9319-64846f24b110}
[WRN] ObjectLookup::get                        : Lookup failed for BusWithInputs: {6a5c5c0b-4bf4-47cc-9319-64846f24b110}
[WRN] ObjectLookup::get                        : Lookup failed for BusWithInputs: {6a5c5c0b-4bf4-47cc-9319-64846f24b110}
[WRN] ObjectLookup::get                        : Lookup failed for BusWithInputs: {6a5c5c0b-4bf4-47cc-9319-64846f24b110}
[WRN] ObjectLookup::get                        : Lookup failed for BusWithInputs: {6a5c5c0b-4bf4-47cc-9319-64846f24b110}
[WRN] ObjectLookup::get                        : Lookup failed for BusWithInputs: {6a5c5c0b-4bf4-47cc-9319-64846f24b110}
[LOG] Manager::readBank                        : fileversion = 80, compatVersion = 70 (oldest = 44, newest = 80)
[WRN] ObjectLookup::get                        : Lookup failed for BusWithInputs: {6a5c5c0b-4bf4-47cc-9319-64846f24b110}
[WRN] ObjectLookup::get                        : Lookup failed for BusWithInputs: {6a5c5c0b-4bf4-47cc-9319-64846f24b110}
[WRN] ObjectLookup::get                        : Lookup failed for BusWithInputs: {6a5c5c0b-4bf4-47cc-9319-64846f24b110}
[WRN] ObjectLookup::get                        : Lookup failed for BusWithInputs: {6a5c5c0b-4bf4-47cc-9319-64846f24b110}
[WRN] ObjectLookup::get                        : Lookup failed for BusWithInputs: {6a5c5c0b-4bf4-47cc-9319-64846f24b110}
[WRN] ObjectLookup::get                        : Lookup failed for BusWithInputs: {6a5c5c0b-4bf4-47cc-9319-64846f24b110}
[WRN] ObjectLookup::get                        : Lookup failed for BusWithInputs: {6a5c5c0b-4bf4-47cc-9319-64846f24b110}
[WRN] ObjectLookup::get                        : Lookup failed for BusWithInputs: {6a5c5c0b-4bf4-47cc-9319-64846f24b110}
[WRN] ObjectLookup::get                        : Lookup failed for BusWithInputs: {6a5c5c0b-4bf4-47cc-9319-64846f24b110}
[WRN] ObjectLookup::get                        : Lookup failed for BusWithInputs: {6a5c5c0b-4bf4-47cc-9319-64846f24b110}
[WRN] ObjectLookup::get                        : Lookup failed for BusWithInputs: {6a5c5c0b-4bf4-47cc-9319-64846f24b110}
[WRN] ObjectLookup::get                        : Lookup failed for BusWithInputs: {6a5c5c0b-4bf4-47cc-9319-64846f24b110}
[WRN] ObjectLookup::get                        : Lookup failed for BusWithInputs: {6a5c5c0b-4bf4-47cc-9319-64846f24b110}
[WRN] ObjectLookup::get                        : Lookup failed for BusWithInputs: {6a5c5c0b-4bf4-47cc-9319-64846f24b110}
[WRN] ObjectLookup::get                        : Lookup failed for BusWithInputs: {6a5c5c0b-4bf4-47cc-9319-64846f24b110}
[WRN] ObjectLookup::get                        : Lookup failed for BusWithInputs: {6a5c5c0b-4bf4-47cc-9319-64846f24b110}
[WRN] ObjectLookup::get                        : Lookup failed for BusWithInputs: {6a5c5c0b-4bf4-47cc-9319-64846f24b110}
[WRN] ObjectLookup::get                        : Lookup failed for BusWithInputs: {6a5c5c0b-4bf4-47cc-9319-64846f24b110}
[WRN] ObjectLookup::get                        : Lookup failed for BusWithInputs: {6a5c5c0b-4bf4-47cc-9319-64846f24b110}
[WRN] ObjectLookup::get                        : Lookup failed for BusWithInputs: {6a5c5c0b-4bf4-47cc-9319-64846f24b110}
[LOG] Manager::readBank                        : fileversion = 80, compatVersion = 70 (oldest = 44, newest = 80)
[WRN] ObjectLookup::get                        : Lookup failed for BusWithInputs: {6a5c5c0b-4bf4-47cc-9319-64846f24b110}
[WRN] ObjectLookup::get                        : Lookup failed for BusWithInputs: {6a5c5c0b-4bf4-47cc-9319-64846f24b110}
[WRN] ObjectLookup::get                        : Lookup failed for BusWithInputs: {6a5c5c0b-4bf4-47cc-9319-64846f24b110}
[WRN] ObjectLookup::get                        : Lookup failed for BusWithInputs: {6a5c5c0b-4bf4-47cc-9319-64846f24b110}
[WRN] ObjectLookup::get                        : Lookup failed for BusWithInputs: {6a5c5c0b-4bf4-47cc-9319-64846f24b110}
[WRN] ObjectLookup::get                        : Lookup failed for BusWithInputs: {6a5c5c0b-4bf4-47cc-9319-64846f24b110}
[WRN] ObjectLookup::get                        : Lookup failed for BusWithInputs: {6a5c5c0b-4bf4-47cc-9319-64846f24b110}
[WRN] ObjectLookup::get                        : Lookup failed for BusWithInputs: {6a5c5c0b-4bf4-47cc-9319-64846f24b110}
[WRN] ObjectLookup::get                        : Lookup failed for BusWithInputs: {6a5c5c0b-4bf4-47cc-9319-64846f24b110}
[WRN] ObjectLookup::get                        : Lookup failed for BusWithInputs: {6a5c5c0b-4bf4-47cc-9319-64846f24b110}
[WRN] ObjectLookup::get                        : Lookup failed for BusWithInputs: {6a5c5c0b-4bf4-47cc-9319-64846f24b110}
[WRN] ObjectLookup::get                        : Lookup failed for BusWithInputs: {6a5c5c0b-4bf4-47cc-9319-64846f24b110}
[WRN] ObjectLookup::get                        : Lookup failed for BusWithInputs: {6a5c5c0b-4bf4-47cc-9319-64846f24b110}
[WRN] ObjectLookup::get                        : Lookup failed for BusWithInputs: {6a5c5c0b-4bf4-47cc-9319-64846f24b110}
[WRN] ObjectLookup::get                        : Lookup failed for BusWithInputs: {6a5c5c0b-4bf4-47cc-9319-64846f24b110}
[WRN] ObjectLookup::get                        : Lookup failed for BusWithInputs: {6a5c5c0b-4bf4-47cc-9319-64846f24b110}
[WRN] ObjectLookup::get                        : Lookup failed for BusWithInputs: {6a5c5c0b-4bf4-47cc-9319-64846f24b110}
[WRN] ObjectLookup::get                        : Lookup failed for BusWithInputs: {6a5c5c0b-4bf4-47cc-9319-64846f24b110}
[WRN] ObjectLookup::get                        : Lookup failed for BusWithInputs: {6a5c5c0b-4bf4-47cc-9319-64846f24b110}
[WRN] ObjectLookup::get                        : Lookup failed for BusWithInputs: {6a5c5c0b-4bf4-47cc-9319-64846f24b110}
[WRN] ObjectLookup::get                        : Lookup failed for BusWithInputs: {6a5c5c0b-4bf4-47cc-9319-64846f24b110}
[WRN] ObjectLookup::get                        : Lookup failed for BusWithInputs: {6a5c5c0b-4bf4-47cc-9319-64846f24b110}
[LOG] Manager::readBank                        : fileversion = 80, compatVersion = 70 (oldest = 44, newest = 80)
[WRN] ObjectLookup::get                        : Lookup failed for BusWithInputs: {6a5c5c0b-4bf4-47cc-9319-64846f24b110}
[WRN] ObjectLookup::get                        : Lookup failed for BusWithInputs: {6a5c5c0b-4bf4-47cc-9319-64846f24b110}
[WRN] ObjectLookup::get                        : Lookup failed for BusWithInputs: {6a5c5c0b-4bf4-47cc-9319-64846f24b110}
[WRN] ObjectLookup::get                        : Lookup failed for BusWithInputs: {6a5c5c0b-4bf4-47cc-9319-64846f24b110}
[WRN] ObjectLookup::get                        : Lookup failed for BusWithInputs: {6a5c5c0b-4bf4-47cc-9319-64846f24b110}
[WRN] ObjectLookup::get                        : Lookup failed for BusWithInputs: {6a5c5c0b-4bf4-47cc-9319-64846f24b110}
[WRN] ObjectLookup::get                        : Lookup failed for BusWithInputs: {6a5c5c0b-4bf4-47cc-9319-64846f24b110}
[WRN] ObjectLookup::get                        : Lookup failed for BusWithInputs: {6a5c5c0b-4bf4-47cc-9319-64846f24b110}
[WRN] ObjectLookup::get                        : Lookup failed for BusWithInputs: {6a5c5c0b-4bf4-47cc-9319-64846f24b110}
[WRN] ObjectLookup::get                        : Lookup failed for BusWithInputs: {6a5c5c0b-4bf4-47cc-9319-64846f24b110}
[WRN] ObjectLookup::get                        : Lookup failed for BusWithInputs: {6a5c5c0b-4bf4-47cc-9319-64846f24b110}
[WRN] ObjectLookup::get                        : Lookup failed for BusWithInputs: {6a5c5c0b-4bf4-47cc-9319-64846f24b110}
[WRN] ObjectLookup::get                        : Lookup failed for BusWithInputs: {6a5c5c0b-4bf4-47cc-9319-64846f24b110}
[WRN] ObjectLookup::get                        : Lookup failed for BusWithInputs: {6a5c5c0b-4bf4-47cc-9319-64846f24b110}
[WRN] ObjectLookup::get                        : Lookup failed for BusWithInputs: {6a5c5c0b-4bf4-47cc-9319-64846f24b110}
[WRN] ObjectLookup::get                        : Lookup failed for BusWithInputs: {6a5c5c0b-4bf4-47cc-9319-64846f24b110}
[WRN] ObjectLookup::get                        : Lookup failed for BusWithInputs: {6a5c5c0b-4bf4-47cc-9319-64846f24b110}
[WRN] ObjectLookup::get                        : Lookup failed for BusWithInputs: {6a5c5c0b-4bf4-47cc-9319-64846f24b110}
[WRN] ObjectLookup::get                        : Lookup failed for BusWithInputs: {6a5c5c0b-4bf4-47cc-9319-64846f24b110}
[WRN] ObjectLookup::get                        : Lookup failed for BusWithInputs: {6a5c5c0b-4bf4-47cc-9319-64846f24b110}
[WRN] ObjectLookup::get                        : Lookup failed for BusWithInputs: {6a5c5c0b-4bf4-47cc-9319-64846f24b110}
[WRN] ObjectLookup::get                        : Lookup failed for BusWithInputs: {6a5c5c0b-4bf4-47cc-9319-64846f24b110}
[WRN] ObjectLookup::get                        : Lookup failed for BusWithInputs: {6a5c5c0b-4bf4-47cc-9319-64846f24b110}
[WRN] ObjectLookup::get                        : Lookup failed for BusWithInputs: {6a5c5c0b-4bf4-47cc-9319-64846f24b110}
[WRN] ObjectLookup::get                        : Lookup failed for BusWithInputs: {6a5c5c0b-4bf4-47cc-9319-64846f24b110}
[WRN] ObjectLookup::get                        : Lookup failed for BusWithInputs: {6a5c5c0b-4bf4-47cc-9319-64846f24b110}
[WRN] ObjectLookup::get                        : Lookup failed for BusWithInputs: {6a5c5c0b-4bf4-47cc-9319-64846f24b110}
[WRN] ObjectLookup::get                        : Lookup failed for BusWithInputs: {6a5c5c0b-4bf4-47cc-9319-64846f24b110}
[WRN] ObjectLookup::get                        : Lookup failed for BusWithInputs: {6a5c5c0b-4bf4-47cc-9319-64846f24b110}
[WRN] ObjectLookup::get                        : Lookup failed for BusWithInputs: {6a5c5c0b-4bf4-47cc-9319-64846f24b110}
[WRN] ObjectLookup::get                        : Lookup failed for BusWithInputs: {6a5c5c0b-4bf4-47cc-9319-64846f24b110}
[WRN] ObjectLookup::get                        : Lookup failed for BusWithInputs: {6a5c5c0b-4bf4-47cc-9319-64846f24b110}
[LOG] Manager::readBank                        : fileversion = 80, compatVersion = 70 (oldest = 44, newest = 80)
[WRN] ObjectLookup::get                        : Lookup failed for BusWithInputs: {6a5c5c0b-4bf4-47cc-9319-64846f24b110}
[WRN] ObjectLookup::get                        : Lookup failed for BusWithInputs: {6a5c5c0b-4bf4-47cc-9319-64846f24b110}
[WRN] ObjectLookup::get                        : Lookup failed for BusWithInputs: {6a5c5c0b-4bf4-47cc-9319-64846f24b110}
[WRN] ObjectLookup::get                        : Lookup failed for BusWithInputs: {6a5c5c0b-4bf4-47cc-9319-64846f24b110}
[WRN] ObjectLookup::get                        : Lookup failed for BusWithInputs: {6a5c5c0b-4bf4-47cc-9319-64846f24b110}
[WRN] ObjectLookup::get                        : Lookup failed for BusWithInputs: {6a5c5c0b-4bf4-47cc-9319-64846f24b110}
[WRN] ObjectLookup::get                        : Lookup failed for BusWithInputs: {6a5c5c0b-4bf4-47cc-9319-64846f24b110}
[WRN] ObjectLookup::get                        : Lookup failed for BusWithInputs: {6a5c5c0b-4bf4-47cc-9319-64846f24b110}
[WRN] ObjectLookup::get                        : Lookup failed for BusWithInputs: {6a5c5c0b-4bf4-47cc-9319-64846f24b110}
[WRN] ObjectLookup::get                        : Lookup failed for BusWithInputs: {6a5c5c0b-4bf4-47cc-9319-64846f24b110}
[WRN] ObjectLookup::get                        : Lookup failed for BusWithInputs: {6a5c5c0b-4bf4-47cc-9319-64846f24b110}
[WRN] ObjectLookup::get                        : Lookup failed for BusWithInputs: {6a5c5c0b-4bf4-47cc-9319-64846f24b110}
[WRN] ObjectLookup::get                        : Lookup failed for BusWithInputs: {6a5c5c0b-4bf4-47cc-9319-64846f24b110}
[WRN] ObjectLookup::get                        : Lookup failed for BusWithInputs: {6a5c5c0b-4bf4-47cc-9319-64846f24b110}
[WRN] ObjectLookup::get                        : Lookup failed for BusWithInputs: {6a5c5c0b-4bf4-47cc-9319-64846f24b110}
[WRN] ObjectLookup::get                        : Lookup failed for BusWithInputs: {6a5c5c0b-4bf4-47cc-9319-64846f24b110}
[WRN] ObjectLookup::get                        : Lookup failed for BusWithInputs: {6a5c5c0b-4bf4-47cc-9319-64846f24b110}
[WRN] ObjectLookup::get                        : Lookup failed for BusWithInputs: {6a5c5c0b-4bf4-47cc-9319-64846f24b110}
[WRN] ObjectLookup::get                        : Lookup failed for BusWithInputs: {6a5c5c0b-4bf4-47cc-9319-64846f24b110}
[WRN] ObjectLookup::get                        : Lookup failed for BusWithInputs: {6a5c5c0b-4bf4-47cc-9319-64846f24b110}
[WRN] ObjectLookup::get                        : Lookup failed for BusWithInputs: {6a5c5c0b-4bf4-47cc-9319-64846f24b110}
[WRN] ObjectLookup::get                        : Lookup failed for BusWithInputs: {6a5c5c0b-4bf4-47cc-9319-64846f24b110}
[WRN] ObjectLookup::get                        : Lookup failed for BusWithInputs: {6a5c5c0b-4bf4-47cc-9319-64846f24b110}
[WRN] ObjectLookup::get                        : Lookup failed for BusWithInputs: {6a5c5c0b-4bf4-47cc-9319-64846f24b110}
[WRN] ObjectLookup::get                        : Lookup failed for BusWithInputs: {6a5c5c0b-4bf4-47cc-9319-64846f24b110}
[WRN] ObjectLookup::get                        : Lookup failed for BusWithInputs: {6a5c5c0b-4bf4-47cc-9319-64846f24b110}
[WRN] ObjectLookup::get                        : Lookup failed for BusWithInputs: {6a5c5c0b-4bf4-47cc-9319-64846f24b110}
[WRN] ObjectLookup::get                        : Lookup failed for BusWithInputs: {6a5c5c0b-4bf4-47cc-9319-64846f24b110}
[WRN] ObjectLookup::get                        : Lookup failed for BusWithInputs: {6a5c5c0b-4bf4-47cc-9319-64846f24b110}
[WRN] ObjectLookup::get                        : Lookup failed for BusWithInputs: {6a5c5c0b-4bf4-47cc-9319-64846f24b110}
[WRN] ObjectLookup::get                        : Lookup failed for BusWithInputs: {6a5c5c0b-4bf4-47cc-9319-64846f24b110}
[WRN] ObjectLookup::get                        : Lookup failed for BusWithInputs: {6a5c5c0b-4bf4-47cc-9319-64846f24b110}
[WRN] ObjectLookup::get                        : Lookup failed for BusWithInputs: {6a5c5c0b-4bf4-47cc-9319-64846f24b110}
[LOG] Manager::readBank                        : fileversion = 80, compatVersion = 70 (oldest = 44, newest = 80)
[WRN] ObjectLookup::get                        : Lookup failed for BusWithInputs: {6a5c5c0b-4bf4-47cc-9319-64846f24b110}
[WRN] ObjectLookup::get                        : Lookup failed for BusWithInputs: {6a5c5c0b-4bf4-47cc-9319-64846f24b110}
[WRN] ObjectLookup::get                        : Lookup failed for BusWithInputs: {6a5c5c0b-4bf4-47cc-9319-64846f24b110}
[WRN] ObjectLookup::get                        : Lookup failed for BusWithInputs: {6a5c5c0b-4bf4-47cc-9319-64846f24b110}
[WRN] ObjectLookup::get                        : Lookup failed for BusWithInputs: {6a5c5c0b-4bf4-47cc-9319-64846f24b110}
[WRN] ObjectLookup::get                        : Lookup failed for BusWithInputs: {6a5c5c0b-4bf4-47cc-9319-64846f24b110}
[WRN] ObjectLookup::get                        : Lookup failed for BusWithInputs: {6a5c5c0b-4bf4-47cc-9319-64846f24b110}
[WRN] ObjectLookup::get                        : Lookup failed for BusWithInputs: {6a5c5c0b-4bf4-47cc-9319-64846f24b110}
[WRN] ObjectLookup::get                        : Lookup failed for BusWithInputs: {6a5c5c0b-4bf4-47cc-9319-64846f24b110}
[WRN] ObjectLookup::get                        : Lookup failed for BusWithInputs: {6a5c5c0b-4bf4-47cc-9319-64846f24b110}
[WRN] ObjectLookup::get                        : Lookup failed for BusWithInputs: {6a5c5c0b-4bf4-47cc-9319-64846f24b110}
[WRN] ObjectLookup::get                        : Lookup failed for BusWithInputs: {6a5c5c0b-4bf4-47cc-9319-64846f24b110}
[WRN] ObjectLookup::get                        : Lookup failed for BusWithInputs: {6a5c5c0b-4bf4-47cc-9319-64846f24b110}
[WRN] ObjectLookup::get                        : Lookup failed for BusWithInputs: {6a5c5c0b-4bf4-47cc-9319-64846f24b110}
[WRN] ObjectLookup::get                        : Lookup failed for BusWithInputs: {6a5c5c0b-4bf4-47cc-9319-64846f24b110}
[WRN] ObjectLookup::get                        : Lookup failed for BusWithInputs: {6a5c5c0b-4bf4-47cc-9319-64846f24b110}
[WRN] ObjectLookup::get                        : Lookup failed for BusWithInputs: {6a5c5c0b-4bf4-47cc-9319-64846f24b110}
[WRN] ObjectLookup::get                        : Lookup failed for BusWithInputs: {6a5c5c0b-4bf4-47cc-9319-64846f24b110}
[WRN] ObjectLookup::get                        : Lookup failed for BusWithInputs: {6a5c5c0b-4bf4-47cc-9319-64846f24b110}
[WRN] ObjectLookup::get                        : Lookup failed for BusWithInputs: {6a5c5c0b-4bf4-47cc-9319-64846f24b110}
[WRN] ObjectLookup::get                        : Lookup failed for BusWithInputs: {6a5c5c0b-4bf4-47cc-9319-64846f24b110}
[WRN] ObjectLookup::get                        : Lookup failed for BusWithInputs: {6a5c5c0b-4bf4-47cc-9319-64846f24b110}
[WRN] ObjectLookup::get                        : Lookup failed for BusWithInputs: {6a5c5c0b-4bf4-47cc-9319-64846f24b110}
[WRN] ObjectLookup::get                        : Lookup failed for BusWithInputs: {6a5c5c0b-4bf4-47cc-9319-64846f24b110}
[WRN] ObjectLookup::get                        : Lookup failed for BusWithInputs: {6a5c5c0b-4bf4-47cc-9319-64846f24b110}
[WRN] ObjectLookup::get                        : Lookup failed for BusWithInputs: {6a5c5c0b-4bf4-47cc-9319-64846f24b110}
[WRN] ObjectLookup::get                        : Lookup failed for BusWithInputs: {6a5c5c0b-4bf4-47cc-9319-64846f24b110}
[WRN] ObjectLookup::get                        : Lookup failed for BusWithInputs: {6a5c5c0b-4bf4-47cc-9319-64846f24b110}
[WRN] ObjectLookup::get                        : Lookup failed for BusWithInputs: {6a5c5c0b-4bf4-47cc-9319-64846f24b110}
[WRN] ObjectLookup::get                        : Lookup failed for BusWithInputs: {6a5c5c0b-4bf4-47cc-9319-64846f24b110}
[WRN] ObjectLookup::get                        : Lookup failed for BusWithInputs: {6a5c5c0b-4bf4-47cc-9319-64846f24b110}
[WRN] ObjectLookup::get                        : Lookup failed for BusWithInputs: {6a5c5c0b-4bf4-47cc-9319-64846f24b110}
[WRN] ObjectLookup::get                        : Lookup failed for BusWithInputs: {6a5c5c0b-4bf4-47cc-9319-64846f24b110}
[WRN] ObjectLookup::get                        : Lookup failed for BusWithInputs: {6a5c5c0b-4bf4-47cc-9319-64846f24b110}
[LOG] Manager::readBank                        : fileversion = 80, compatVersion = 70 (oldest = 44, newest = 80)
[WRN] ObjectLookup::get                        : Lookup failed for BusWithInputs: {6a5c5c0b-4bf4-47cc-9319-64846f24b110}
[WRN] ObjectLookup::get                        : Lookup failed for BusWithInputs: {6a5c5c0b-4bf4-47cc-9319-64846f24b110}
[WRN] ObjectLookup::get                        : Lookup failed for BusWithInputs: {6a5c5c0b-4bf4-47cc-9319-64846f24b110}
[WRN] ObjectLookup::get                        : Lookup failed for BusWithInputs: {6a5c5c0b-4bf4-47cc-9319-64846f24b110}
[WRN] ObjectLookup::get                        : Lookup failed for BusWithInputs: {6a5c5c0b-4bf4-47cc-9319-64846f24b110}
[WRN] ObjectLookup::get                        : Lookup failed for BusWithInputs: {6a5c5c0b-4bf4-47cc-9319-64846f24b110}
[WRN] ObjectLookup::get                        : Lookup failed for BusWithInputs: {6a5c5c0b-4bf4-47cc-9319-64846f24b110}
[WRN] ObjectLookup::get                        : Lookup failed for BusWithInputs: {6a5c5c0b-4bf4-47cc-9319-64846f24b110}
[WRN] ObjectLookup::get                        : Lookup failed for BusWithInputs: {6a5c5c0b-4bf4-47cc-9319-64846f24b110}
[WRN] ObjectLookup::get                        : Lookup failed for BusWithInputs: {6a5c5c0b-4bf4-47cc-9319-64846f24b110}
[WRN] ObjectLookup::get                        : Lookup failed for BusWithInputs: {6a5c5c0b-4bf4-47cc-9319-64846f24b110}
[WRN] ObjectLookup::get                        : Lookup failed for BusWithInputs: {6a5c5c0b-4bf4-47cc-9319-64846f24b110}
[WRN] ObjectLookup::get                        : Lookup failed for BusWithInputs: {6a5c5c0b-4bf4-47cc-9319-64846f24b110}
[WRN] ObjectLookup::get                        : Lookup failed for BusWithInputs: {6a5c5c0b-4bf4-47cc-9319-64846f24b110}
[WRN] ObjectLookup::get                        : Lookup failed for BusWithInputs: {6a5c5c0b-4bf4-47cc-9319-64846f24b110}
[WRN] ObjectLookup::get                        : Lookup failed for BusWithInputs: {6a5c5c0b-4bf4-47cc-9319-64846f24b110}
[WRN] ObjectLookup::get                        : Lookup failed for BusWithInputs: {6a5c5c0b-4bf4-47cc-9319-64846f24b110}
[WRN] ObjectLookup::get                        : Lookup failed for BusWithInputs: {6a5c5c0b-4bf4-47cc-9319-64846f24b110}
[WRN] ObjectLookup::get                        : Lookup failed for BusWithInputs: {6a5c5c0b-4bf4-47cc-9319-64846f24b110}
[WRN] ObjectLookup::get                        : Lookup failed for BusWithInputs: {6a5c5c0b-4bf4-47cc-9319-64846f24b110}
[WRN] ObjectLookup::get                        : Lookup failed for BusWithInputs: {6a5c5c0b-4bf4-47cc-9319-64846f24b110}
[WRN] ObjectLookup::get                        : Lookup failed for BusWithInputs: {6a5c5c0b-4bf4-47cc-9319-64846f24b110}
[WRN] ObjectLookup::get                        : Lookup failed for BusWithInputs: {6a5c5c0b-4bf4-47cc-9319-64846f24b110}
[WRN] ObjectLookup::get                        : Lookup failed for BusWithInputs: {6a5c5c0b-4bf4-47cc-9319-64846f24b110}
[WRN] ObjectLookup::get                        : Lookup failed for BusWithInputs: {6a5c5c0b-4bf4-47cc-9319-64846f24b110}
[WRN] ObjectLookup::get                        : Lookup failed for BusWithInputs: {6a5c5c0b-4bf4-47cc-9319-64846f24b110}
[WRN] ObjectLookup::get                        : Lookup failed for BusWithInputs: {6a5c5c0b-4bf4-47cc-9319-64846f24b110}
[WRN] ObjectLookup::get                        : Lookup failed for BusWithInputs: {6a5c5c0b-4bf4-47cc-9319-64846f24b110}
[WRN] ObjectLookup::get                        : Lookup failed for BusWithInputs: {6a5c5c0b-4bf4-47cc-9319-64846f24b110}
[WRN] ObjectLookup::get                        : Lookup failed for BusWithInputs: {6a5c5c0b-4bf4-47cc-9319-64846f24b110}
[WRN] ObjectLookup::get                        : Lookup failed for BusWithInputs: {6a5c5c0b-4bf4-47cc-9319-64846f24b110}
[WRN] ObjectLookup::get                        : Lookup failed for BusWithInputs: {6a5c5c0b-4bf4-47cc-9319-64846f24b110}
[WRN] ObjectLookup::get                        : Lookup failed for BusWithInputs: {6a5c5c0b-4bf4-47cc-9319-64846f24b110}
[WRN] ObjectLookup::get                        : Lookup failed for BusWithInputs: {6a5c5c0b-4bf4-47cc-9319-64846f24b110}
[WRN] ObjectLookup::get                        : Lookup failed for BusWithInputs: {6a5c5c0b-4bf4-47cc-9319-64846f24b110}
[LOG] Manager::readBank                        : fileversion = 80, compatVersion = 70 (oldest = 44, newest = 80)
[LOG] PlaybackSystem::acquireMasterBus         : Setting master channel group format to 3
[LOG] Manager::readBank                        : fileversion = 80, compatVersion = 70 (oldest = 44, newest = 80)
[LOG] Manager::readBank                        : fileversion = 80, compatVersion = 70 (oldest = 44, newest = 80)
[LOG] SystemI::createSoundInternal             : filename =  : mode 02000202
[LOG] SystemI::createSoundInternal             : exinfo->cbsize             = 232
[LOG] SystemI::createSoundInternal             : exinfo->length             = 52736
[LOG] SystemI::createSoundInternal             : exinfo->fileoffset         = 8704
[LOG] SystemI::createSoundInternal             : exinfo->numsubsounds       = 1
[LOG] SystemI::createSoundInternal             : exinfo->inclusionlist      = 000000005B5CFB38
[LOG] SystemI::createSoundInternal             : exinfo->inclusionlistnum   = 1
[LOG] SystemI::createSoundInternal             : exinfo->suggestedsoundtype = 5
[LOG] SystemI::createSoundInternal             : exinfo->useropen           = 000007FEEB3C5130
[LOG] SystemI::createSoundInternal             : exinfo->userclose          = 000007FEEB3C5100
[LOG] SystemI::createSoundInternal             : exinfo->userread           = 000007FEEB3C5200
[LOG] SystemI::createSoundInternal             : exinfo->userseek           = 000007FEEB3C52B0
[LOG] SystemI::createSoundInternal             : exinfo->fileuserdata       = 0000000053EDEC08
[LOG] SystemI::createSoundInternal             : exinfo->initialseekpostype = 1
[LOG] SystemI::createSoundInternal             : Format has 1 subsounds.
[LOG] SystemI::createSoundInternal             : Create as FMOD_CREATESAMPLE
[LOG] SystemI::createSoundInternal             : Multi-sample sound (1 subsounds), create a sample container.
[LOG] SystemI::createSoundInternal             : creating subsound 0/1
[LOG] SystemI::createSample                    : mode 02000202 length 22688 samples, lengthbytes 5696
[LOG] SystemI::createSample                    : channels = 2
[LOG] SystemI::createSample                    : output = 0000000054C2AD58
[LOG] OutputSoftware::createSample             : lengthpcm 22688, lengthbytes 5696, channels 2, format 2, freq 24000, mode 0200020a
[LOG] SystemI::createSoundInternal             : No name found in file, use filename.
[LOG] SystemI::createSoundInternal             : done.  OpenState now = FMOD_OPENSTATE_READY.

[LOG] SoundI::release                          :  (0000000085199F58)
[LOG] SoundI::release                          : release subsounds. (0000000085199F58)
[LOG] SoundI::release                          :     20161116ui_open_interface (0000000054AEA578)
[LOG] SoundI::release                          : release codec. (0000000085199F58)
[LOG] Thread::callback                         : * FMOD Studio update thread finished
[LOG] Thread::close                            : FMOD Studio update thread thread destroyed
[LOG] Thread::callback                         : * FMOD Studio bank load thread finished
[LOG] Thread::close                            : FMOD Studio bank load thread thread destroyed
[LOG] Profile::disconnectAll                   : Profiler disconnecting all clients
[LOG] Thread::callback                         : * FMOD Studio sample load thread finished
[LOG] Thread::close                            : FMOD Studio sample load thread thread destroyed
[LOG] LiveUpdate::release                      : 
[LOG] LiveUpdate::reset                        : Reset connection (reason Disconnected)
[LOG] SystemI::close                           : 
[LOG] SystemI::close                           : Stop all sounds
[LOG] Thread::callback                         : * FMOD stream thread finished
[LOG] Thread::close                            : FMOD stream thread thread destroyed
[LOG] SystemI::close                           : Stream thread destroyed
[LOG] Thread::callback                         : * FMOD mixer thread finished
[LOG] Thread::close                            : FMOD mixer thread thread destroyed
[LOG] SystemI::close                           : Free master channel group.
[LOG] SystemI::close                           : Remove 'master' sound group.
[LOG] SystemI::close                           : Free software output.
[LOG] SystemI::close                           : Free emulated output.
[LOG] SystemI::close                           : Free channel pool.
[LOG] SystemI::close                           : done.

