5/29/2018 6:12:33 PM
+-+-+-+-+-+-+-+-+-+-+-+-+-+-+-+-+-+-+-+-+-+-+-+-+-+-+-+-+-+-+-+-+-+-+-+-+-+-+-+
+                                                                             +
+                         Logger singleton created.                           +
+                                                     	                    +
+-+-+-+-+-+-+-+-+-+-+-+-+-+-+-+-+-+-+-+-+-+-+-+-+-+-+-+-+-+-+-+-+-+-+-+-+-+-+-+
tid:1 Error:2018-5-29,18:12:33 特效没有配模型或材质 id= fx_xzds_ice_broken
tid:1 Error:2018-5-29,18:12:34 condition:Error getInt:0.5, stackTrace:UnityEngine.Debug:LogError(Object)
UnityLog:LogError(Object)
UnityLog:Log(LogType, String, Object[])
Debuger:log(LogType, String, Object[])
Debuger:ErrorLog(String, Object[])
xys.CsvLog:Error(String, Object[]) (at Assets/XYJ/Scripts/Common/Config/CsvLog.cs:17)
CsvCommon.Log:Error(String, Object[])
CsvCommon.CsvReader:getInt(Int32, Int32, Int32)
Config.ClanMainBuildConfig:Load(ICsvLoad) (at Assets/XYJ/Scripts/Share/AutoCsv/World/Clan/ClanMainBuildConfig.cs:152)
Config.WorldCsvLoad:All(ICsvLoad) (at Assets/XYJ/Scripts/Share/AutoCsv/World/WorldCsvLoad.cs:15)
Config.CsvLoadAdapter:All() (at Assets/XYJ/Scripts/Share/Scripts/Config/CsvLoadAdapter.cs:42)
xys.<Init>c__Iterator0:MoveNext() (at Assets/XYJ/Scripts/xysApp.cs:118)
UnityEngine.MonoBehaviour:StartCoroutine(IEnumerator)
xys.Main:Awake() (at Assets/XYJ/Scripts/Main.cs:15)

tid:1 Error:2018-5-29,18:12:34 condition:Error getInt:0.5, stackTrace:UnityEngine.Debug:LogError(Object)
UnityLog:LogError(Object)
UnityLog:Log(LogType, String, Object[])
Debuger:log(LogType, String, Object[])
Debuger:ErrorLog(String, Object[])
xys.CsvLog:Error(String, Object[]) (at Assets/XYJ/Scripts/Common/Config/CsvLog.cs:17)
CsvCommon.Log:Error(String, Object[])
CsvCommon.CsvReader:getInt(Int32, Int32, Int32)
Config.ClanMainBuildConfig:Load(ICsvLoad) (at Assets/XYJ/Scripts/Share/AutoCsv/World/Clan/ClanMainBuildConfig.cs:152)
Config.WorldCsvLoad:All(ICsvLoad) (at Assets/XYJ/Scripts/Share/AutoCsv/World/WorldCsvLoad.cs:15)
Config.CsvLoadAdapter:All() (at Assets/XYJ/Scripts/Share/Scripts/Config/CsvLoadAdapter.cs:42)
xys.<Init>c__Iterator0:MoveNext() (at Assets/XYJ/Scripts/xysApp.cs:118)
UnityEngine.MonoBehaviour:StartCoroutine(IEnumerator)
xys.Main:Awake() (at Assets/XYJ/Scripts/Main.cs:15)

tid:1 Error:2018-5-29,18:12:34 condition:Error getInt:0.5, stackTrace:UnityEngine.Debug:LogError(Object)
UnityLog:LogError(Object)
UnityLog:Log(LogType, String, Object[])
Debuger:log(LogType, String, Object[])
Debuger:ErrorLog(String, Object[])
xys.CsvLog:Error(String, Object[]) (at Assets/XYJ/Scripts/Common/Config/CsvLog.cs:17)
CsvCommon.Log:Error(String, Object[])
CsvCommon.CsvReader:getInt(Int32, Int32, Int32)
Config.ClanMainBuildConfig:Load(ICsvLoad) (at Assets/XYJ/Scripts/Share/AutoCsv/World/Clan/ClanMainBuildConfig.cs:152)
Config.WorldCsvLoad:All(ICsvLoad) (at Assets/XYJ/Scripts/Share/AutoCsv/World/WorldCsvLoad.cs:15)
Config.CsvLoadAdapter:All() (at Assets/XYJ/Scripts/Share/Scripts/Config/CsvLoadAdapter.cs:42)
xys.<Init>c__Iterator0:MoveNext() (at Assets/XYJ/Scripts/xysApp.cs:118)
UnityEngine.MonoBehaviour:StartCoroutine(IEnumerator)
xys.Main:Awake() (at Assets/XYJ/Scripts/Main.cs:15)

tid:1 Error:2018-5-29,18:12:34 condition:Error getInt:0.5, stackTrace:UnityEngine.Debug:LogError(Object)
UnityLog:LogError(Object)
UnityLog:Log(LogType, String, Object[])
Debuger:log(LogType, String, Object[])
Debuger:ErrorLog(String, Object[])
xys.CsvLog:Error(String, Object[]) (at Assets/XYJ/Scripts/Common/Config/CsvLog.cs:17)
CsvCommon.Log:Error(String, Object[])
CsvCommon.CsvReader:getInt(Int32, Int32, Int32)
Config.ClanMainBuildConfig:Load(ICsvLoad) (at Assets/XYJ/Scripts/Share/AutoCsv/World/Clan/ClanMainBuildConfig.cs:152)
Config.WorldCsvLoad:All(ICsvLoad) (at Assets/XYJ/Scripts/Share/AutoCsv/World/WorldCsvLoad.cs:15)
Config.CsvLoadAdapter:All() (at Assets/XYJ/Scripts/Share/Scripts/Config/CsvLoadAdapter.cs:42)
xys.<Init>c__Iterator0:MoveNext() (at Assets/XYJ/Scripts/xysApp.cs:118)
UnityEngine.MonoBehaviour:StartCoroutine(IEnumerator)
xys.Main:Awake() (at Assets/XYJ/Scripts/Main.cs:15)

tid:1 Error:2018-5-29,18:12:34 condition:Error getInt:0.5, stackTrace:UnityEngine.Debug:LogError(Object)
UnityLog:LogError(Object)
UnityLog:Log(LogType, String, Object[])
Debuger:log(LogType, String, Object[])
Debuger:ErrorLog(String, Object[])
xys.CsvLog:Error(String, Object[]) (at Assets/XYJ/Scripts/Common/Config/CsvLog.cs:17)
CsvCommon.Log:Error(String, Object[])
CsvCommon.CsvReader:getInt(Int32, Int32, Int32)
Config.ClanMainBuildConfig:Load(ICsvLoad) (at Assets/XYJ/Scripts/Share/AutoCsv/World/Clan/ClanMainBuildConfig.cs:152)
Config.WorldCsvLoad:All(ICsvLoad) (at Assets/XYJ/Scripts/Share/AutoCsv/World/WorldCsvLoad.cs:15)
Config.CsvLoadAdapter:All() (at Assets/XYJ/Scripts/Share/Scripts/Config/CsvLoadAdapter.cs:42)
xys.<Init>c__Iterator0:MoveNext() (at Assets/XYJ/Scripts/xysApp.cs:118)
UnityEngine.MonoBehaviour:StartCoroutine(IEnumerator)
xys.Main:Awake() (at Assets/XYJ/Scripts/Main.cs:15)

tid:1 Log:2018-5-29,18:12:40 condition:FMOD Studio: Creating runtime system instance, stackTrace:UnityEngine.Debug:Log(Object)
FMODUnity.RuntimeManager:Initialiase(Boolean) (at Assets/XYJ/Plugins/FMOD/RuntimeManager.cs:159)
FMODUnity.RuntimeManager:get_Instance() (at Assets/XYJ/Plugins/FMOD/RuntimeManager.cs:78)
FMODUnity.RuntimeManager:get_StudioSystem() (at Assets/XYJ/Plugins/FMOD/RuntimeManager.cs:98)
xys.SoundMgr:Init() (at Assets/XYJ/Scripts/Sound/SoundMgr.cs:30)
xys.<Init>c__Iterator0:MoveNext() (at Assets/XYJ/Scripts/xysApp.cs:163)
UnityEngine.SetupCoroutine:InvokeMoveNext(IEnumerator, IntPtr)

tid:1 Warning:2018-5-29,18:12:41 condition:FMOD Studio Integration: Please add an 'FMOD Studio Listener' component to your a camera in the scene for correct 3D positioning of sounds, stackTrace:UnityEngine.Debug:LogWarning(Object)
FMODUnity.RuntimeManager:Update() (at Assets/XYJ/Plugins/FMOD/RuntimeManager.cs:405)

tid:1 Log:2018-5-29,18:12:50 condition:behaviac: ShutdownConnection
, stackTrace:UnityEngine.Debug:Log(Object)
behaviac.Debug:Log(String) (at Assets/XYJ/Plugins/ThridLib/behavior/runtime/Base/Utils.cs:1247)
behaviac.SocketUtils:ShutdownConnection() (at Assets/XYJ/Plugins/ThridLib/behavior/runtime/Base/socketconnect.cs:205)
behaviac.Workspace:Cleanup() (at Assets/XYJ/Plugins/ThridLib/behavior/runtime/Workspace.cs:694)
behaviac.BehaviacWorkspace:Behavic_Cleanup() (at Assets/XYJ/Scripts/Share/Scripts/Battle/behavior/BehaviacWorkspace.cs:30)
xys.App:OnApplicationQuit() (at Assets/XYJ/Scripts/xysApp.cs:430)
xys.Main:OnApplicationQuit() (at Assets/XYJ/Scripts/Main.cs:30)

tid:1 Log:2018-5-29,18:12:50 condition:FMOD Studio: Destroying runtime system instance, stackTrace:UnityEngine.Debug:Log(Object)
FMODUnity.RuntimeManager:OnDestroy() (at Assets/XYJ/Plugins/FMOD/RuntimeManager.cs:582)

tid:1 Log:2018-5-29,18:12:50 condition:Default GameObject BitMask: Monster already registered, stackTrace:
tid:16 Log:2018-5-29,18:13:13 UpdateThread Life!
tid:16 Log:2018-5-29,18:13:53 UpdateThread Life!
tid:16 Log:2018-5-29,18:14:33 UpdateThread Life!
tid:16 Log:2018-5-29,18:15:13 UpdateThread Life!
tid:16 Log:2018-5-29,18:15:53 UpdateThread Life!
tid:16 Log:2018-5-29,18:16:33 UpdateThread Life!
tid:16 Log:2018-5-29,18:17:13 UpdateThread Life!
tid:16 Log:2018-5-29,18:17:53 UpdateThread Life!
tid:16 Log:2018-5-29,18:18:33 UpdateThread Life!
tid:16 Log:2018-5-29,18:19:13 UpdateThread Life!
